<?xml version="1.0" encoding="UTF-8"?>
<testng-results ignored="0" total="1" passed="1" failed="0" skipped="0">
  <reporter-output>
  </reporter-output>
  <suite started-at="2021-06-09T03:16:32Z" name="Default suite" finished-at="2021-06-09T03:17:14Z" duration-ms="42600">
    <groups>
    </groups>
    <test started-at="2021-06-09T03:16:32Z" name="Default test" finished-at="2021-06-09T03:17:14Z" duration-ms="42600">
      <class name="tests.PictureTest">
        <test-method is-config="true" signature="creatingDriver()[pri:0, instance:tests.PictureTest@4988d8b8]" started-at="2021-06-09T03:16:32Z" name="creatingDriver" finished-at="2021-06-09T03:16:37Z" duration-ms="4679" status="PASS">
          <reporter-output>
          </reporter-output>
        </test-method> <!-- creatingDriver -->
        <test-method signature="pictureCheck()[pri:0, instance:tests.PictureTest@4988d8b8]" started-at="2021-06-09T03:16:37Z" name="pictureCheck" finished-at="2021-06-09T03:17:14Z" duration-ms="37875" status="PASS">
          <reporter-output>
          </reporter-output>
        </test-method> <!-- pictureCheck -->
      </class> <!-- tests.PictureTest -->
    </test> <!-- Default test -->
  </suite> <!-- Default suite -->
</testng-results>
